<?xml version="1.0" encoding="UTF-8"?>
<!-- Generated by org.testng.reporters.JUnitReportReporter -->
<testsuite hostname="Ranjots-MBP" failures="0" tests="3" name="testngsession.AmazonTest" time="7.261" errors="0" timestamp="2024-01-31T18:17:34 EST" skipped="0">
  <testcase classname="testngsession.AmazonTest" name="title" time="0.146"/>
  <testcase classname="testngsession.AmazonTest" name="searchExistTest" time="0.970"/>
  <testcase classname="testngsession.AmazonTest" name="helpExistTest" time="6.145"/>
</testsuite> <!-- testngsession.AmazonTest -->
