<?xml version="1.0" encoding="UTF-8"?>
<!-- Generated by org.testng.reporters.JUnitReportReporter -->
<testsuite hostname="Ranjots-MBP" failures="0" tests="3" name="testngsession.HomePageTest" time="0.024" errors="0" timestamp="2024-01-31T11:15:39 EST" skipped="0">
  <testcase classname="testngsession.HomePageTest" name="homePageTitleTest" time="0.004"/>
  <testcase classname="testngsession.HomePageTest" name="homePageUrlTest" time="0.006"/>
  <testcase classname="testngsession.HomePageTest" name="homePageSearchTest" time="0.014"/>
</testsuite> <!-- testngsession.HomePageTest -->
