<?xml version="1.0" encoding="UTF-8"?>
<!-- Generated by org.testng.reporters.JUnitReportReporter -->
<testsuite hostname="Ranjots-MBP" failures="0" tests="4" name="testngsession.InvocationCount" time="0.018" errors="0" timestamp="2024-01-31T15:45:44 EST" skipped="0">
  <testcase classname="testngsession.InvocationCount" name="createUserTest" time="0.011"/>
  <testcase classname="testngsession.InvocationCount" name="createUserTest" time="0.003"/>
  <testcase classname="testngsession.InvocationCount" name="createUserTest" time="0.002"/>
  <testcase classname="testngsession.InvocationCount" name="createUserTest" time="0.002"/>
</testsuite> <!-- testngsession.InvocationCount -->
