<?xml version="1.0" encoding="UTF-8"?>
<!-- Generated by org.testng.reporters.JUnitReportReporter -->
<testsuite hostname="Ranjots-MBP" failures="0" tests="2" name="testngsession.GoogleTest" time="0.283" errors="0" timestamp="2024-01-31T18:17:34 EST" skipped="0">
  <testcase classname="testngsession.GoogleTest" name="title" time="0.045"/>
  <testcase classname="testngsession.GoogleTest" name="searchExistTest" time="0.238"/>
</testsuite> <!-- testngsession.GoogleTest -->
