<?xml version="1.0" encoding="UTF-8"?>
<!-- Generated by org.testng.reporters.JUnitReportReporter -->
<testsuite hostname="Ranjots-MBP" failures="0" tests="3" name="testngsession.PriorityTest" time="0.016" errors="0" timestamp="2024-01-31T12:36:44 EST" skipped="0">
  <testcase classname="testngsession.PriorityTest" name="b_test" time="0.002"/>
  <testcase classname="testngsession.PriorityTest" name="a_test" time="0.010"/>
  <testcase classname="testngsession.PriorityTest" name="c_test" time="0.004"/>
</testsuite> <!-- testngsession.PriorityTest -->
