<?xml version="1.0" encoding="UTF-8"?>
<!-- Generated by org.testng.reporters.JUnitReportReporter -->
<testsuite hostname="Ranjots-MBP" failures="0" tests="4" name="testngsession.CRUDOperationTest" time="0.022" errors="0" timestamp="2024-01-31T13:19:04 EST" skipped="0">
  <testcase classname="testngsession.CRUDOperationTest" name="updateUserTest" time="0.001"/>
  <testcase classname="testngsession.CRUDOperationTest" name="getUserTest" time="0.003"/>
  <testcase classname="testngsession.CRUDOperationTest" name="deleteUserTest" time="0.004"/>
  <testcase classname="testngsession.CRUDOperationTest" name="createUserTest" time="0.014"/>
</testsuite> <!-- testngsession.CRUDOperationTest -->
